# JRE version: Java(TM) SE Runtime Environment 18.9 (11.0.16+11) (build 11.0.16+11-LTS-199)
# Java VM: Java HotSpot(TM) 64-Bit Server VM 18.9 (11.0.16+11-LTS-199, mixed mode, tiered, compressed oops, g1 gc, windows-amd64)
Heap:
 garbage-first heap   total 491520K, used 148690K [0x00000000a0000000, 0x0000000100000000)
  region size 1024K, 4 young (4096K), 4 survivors (4096K)
 Metaspace       used 96792K, capacity 99030K, committed 99336K, reserved 1136640K
  class space    used 11679K, capacity 12490K, committed 12544K, reserved 1048576K
GC Heap History (10 events):
Event: 1094.021 GC heap after
{Heap after GC invocations=42 (full 0):
 garbage-first heap   total 245760K, used 181632K [0x00000000a0000000, 0x0000000100000000)
  region size 1024K, 3 young (3072K), 3 survivors (3072K)
 Metaspace       used 92498K, capacity 94669K, committed 94984K, reserved 1132544K
  class space    used 11117K, capacity 11911K, committed 12032K, reserved 1048576K
}
Event: 1094.038 GC heap before
{Heap before GC invocations=42 (full 0):
 garbage-first heap   total 245760K, used 190848K [0x00000000a0000000, 0x0000000100000000)
  region size 1024K, 12 young (12288K), 3 survivors (3072K)
 Metaspace       used 92500K, capacity 94733K, committed 94984K, reserved 1132544K
  class space    used 11117K, capacity 11911K, committed 12032K, reserved 1048576K
}
Event: 1094.045 GC heap after
{Heap after GC invocations=43 (full 0):
 garbage-first heap   total 245760K, used 159509K [0x00000000a0000000, 0x0000000100000000)
  region size 1024K, 1 young (1024K), 1 survivors (1024K)
 Metaspace       used 92500K, capacity 94733K, committed 94984K, reserved 1132544K
  class space    used 11117K, capacity 11911K, committed 12032K, reserved 1048576K
}
Event: 1094.092 GC heap before
{Heap before GC invocations=43 (full 0):
 garbage-first heap   total 245760K, used 170773K [0x00000000a0000000, 0x0000000100000000)
  region size 1024K, 12 young (12288K), 1 survivors (1024K)
 Metaspace       used 92504K, capacity 94733K, committed 94984K, reserved 1132544K
  class space    used 11117K, capacity 11911K, committed 12032K, reserved 1048576K
}
Event: 1094.110 GC heap after
{Heap after GC invocations=44 (full 0):
 garbage-first heap   total 245760K, used 142748K [0x00000000a0000000, 0x0000000100000000)
  region size 1024K, 2 young (2048K), 2 survivors (2048K)
 Metaspace       used 92504K, capacity 94733K, committed 94984K, reserved 1132544K
  class space    used 11117K, capacity 11911K, committed 12032K, reserved 1048576K
}
Event: 1094.225 GC heap before
{Heap before GC invocations=44 (full 0):
 garbage-first heap   total 245760K, used 152988K [0x00000000a0000000, 0x0000000100000000)
  region size 1024K, 12 young (12288K), 2 survivors (2048K)
 Metaspace       used 92505K, capacity 94733K, committed 94984K, reserved 1132544K
  class space    used 11117K, capacity 11911K, committed 12032K, reserved 1048576K
}
Event: 1094.236 GC heap after
{Heap after GC invocations=45 (full 0):
 garbage-first heap   total 245760K, used 142336K [0x00000000a0000000, 0x0000000100000000)
  region size 1024K, 2 young (2048K), 2 survivors (2048K)
 Metaspace       used 92505K, capacity 94733K, committed 94984K, reserved 1132544K
  class space    used 11117K, capacity 11911K, committed 12032K, reserved 1048576K
}
Event: 1094.602 GC heap before
{Heap before GC invocations=45 (full 0):
 garbage-first heap   total 245760K, used 176128K [0x00000000a0000000, 0x0000000100000000)
  region size 1024K, 35 young (35840K), 2 survivors (2048K)
 Metaspace       used 94707K, capacity 96905K, committed 97032K, reserved 1134592K
  class space    used 11454K, capacity 12252K, committed 12288K, reserved 1048576K
}
Event: 1094.609 GC heap after
{Heap after GC invocations=46 (full 0):
 garbage-first heap   total 245760K, used 147379K [0x00000000a0000000, 0x0000000100000000)
  region size 1024K, 5 young (5120K), 5 survivors (5120K)
 Metaspace       used 94707K, capacity 96905K, committed 97032K, reserved 1134592K
  class space    used 11454K, capacity 12252K, committed 12288K, reserved 1048576K
}
Event: 1095.438 GC heap before
{Heap before GC invocations=46 (full 0):
 garbage-first heap   total 245760K, used 181171K [0x00000000a0000000, 0x0000000100000000)
  region size 1024K, 38 young (38912K), 5 survivors (5120K)
 Metaspace       used 96792K, capacity 99030K, committed 99336K, reserved 1136640K
  class space    used 11679K, capacity 12490K, committed 12544K, reserved 1048576K
}

